<?xml version="1.0" encoding="UTF-8"?>
<!-- Generated by org.testng.reporters.JUnitReportReporter -->
<testsuite skipped="0" hostname="DESKTOP-2STHK7V" name="SFDCMaven.SFDCMaven.SFDC_Login" tests="5" failures="0" timestamp="2019-12-06T23:02:29 PST" time="45.982" errors="0">
  <testcase name="NoPassword_Error_Message" time="7.491" classname="SFDCMaven.SFDCMaven.SFDC_Login"/>
  <testcase name="Login_Home_Page" time="11.783" classname="SFDCMaven.SFDCMaven.SFDC_Login"/>
  <testcase name="Remember_Me_Checkbox" time="12.580" classname="SFDCMaven.SFDCMaven.SFDC_Login"/>
  <testcase name="Login_Error_Message" time="7.232" classname="SFDCMaven.SFDCMaven.SFDC_Login"/>
  <testcase name="Forgot_Password" time="6.896" classname="SFDCMaven.SFDCMaven.SFDC_Login"/>
</testsuite> <!-- SFDCMaven.SFDCMaven.SFDC_Login -->
